Using pre-set license
Built from '2020.2/staging' branch; Version is '2020.2.3f1 (8ff31bc5bf5b) revision 9433883'; Using compiler version '192528614'; Build Type 'Release'
OS: 'Windows 10 Home; OS build 19042.1083; Version 2009; 64bit' Language: 'en' Physical Memory: 32176 MB
BatchMode: 1, IsHumanControllingUs: 0, StartBugReporterOnCrash: 0, Is64bit: 1, IsPro: 0

 COMMAND LINE ARGUMENTS:
C:\Program Files\Unity\Hub\Editor\2020.2.3f1\Editor\Unity.exe
-adb2
-batchMode
-noUpm
-name
AssetImportWorker0
-projectPath
C:/__UnityProj/SRVC-SolidMemory
-logFile
Logs/AssetImportWorker0.log
-srvPort
52325
Successfully changed project path to: C:/__UnityProj/SRVC-SolidMemory
C:/__UnityProj/SRVC-SolidMemory
Using Asset Import Pipeline V2.
Assets/__System-NX/_PlayerSys/_PlayerAssets/_Figure_Humanoid/Fig4_LongHand_Adj.c4d: Unity no longer supports importing Cinema 4D files directly, but we're working with Maxon to make the experience better. To import Cinema 4D files, install Maxon's external importer. You can find more information on the Unity Forum: https://on.unity.com/c4d.

Please note that FBX files exported from Cinema4D are still supported.

Assets/__System-NX/_PlayerSys/_PlayerAssets/_Figure_Humanoid/Fig4_LongHand_Adj2.c4d: Unity no longer supports importing Cinema 4D files directly, but we're working with Maxon to make the experience better. To import Cinema 4D files, install Maxon's external importer. You can find more information on the Unity Forum: https://on.unity.com/c4d.

Please note that FBX files exported from Cinema4D are still supported.

Refreshing native plugins compatible for Editor in 120.80 ms, found 3 plugins.
Preloading 0 native plugins for Editor in 0.00 ms.
Initialize engine version: 2020.2.3f1 (8ff31bc5bf5b)
[Subsystems] Discovering subsystems at path C:/Program Files/Unity/Hub/Editor/2020.2.3f1/Editor/Data/Resources/UnitySubsystems
[Subsystems] Discovering subsystems at path C:/__UnityProj/SRVC-SolidMemory/Assets
GfxDevice: creating device client; threaded=0
Direct3D:
    Version:  Direct3D 11.0 [level 11.1]
    Renderer: NVIDIA GeForce RTX 3080 Laptop GPU (ID=0x249c)
    Vendor:   
    VRAM:     16201 MB
    Driver:   27.21.14.6235
Initialize mono
Mono path[0] = 'C:/Program Files/Unity/Hub/Editor/2020.2.3f1/Editor/Data/Managed'
Mono path[1] = 'C:/Program Files/Unity/Hub/Editor/2020.2.3f1/Editor/Data/MonoBleedingEdge/lib/mono/unityjit'
Mono config path = 'C:/Program Files/Unity/Hub/Editor/2020.2.3f1/Editor/Data/MonoBleedingEdge/etc'
Using monoOptions --debugger-agent=transport=dt_socket,embedding=1,server=y,suspend=n,address=127.0.0.1:56592
Begin MonoManager ReloadAssembly
Registering precompiled unity dll's ...
Register platform support module: C:/Program Files/Unity/Hub/Editor/2020.2.3f1/Editor/Data/PlaybackEngines/WebGLSupport/UnityEditor.WebGL.Extensions.dll
Register platform support module: C:/Program Files/Unity/Hub/Editor/2020.2.3f1/Editor/Data/PlaybackEngines/WindowsStandaloneSupport/UnityEditor.WindowsStandalone.Extensions.dll
Registered in 0.002240 seconds.
Native extension for WindowsStandalone target not found
Native extension for WebGL target not found
Assets/__System-NX/_PlayerSys/_PlayerAssets/_Figure_Humanoid/Fig4_LongHand_Adj.c4d: Unity no longer supports importing Cinema 4D files directly, but we're working with Maxon to make the experience better. To import Cinema 4D files, install Maxon's external importer. You can find more information on the Unity Forum: https://on.unity.com/c4d.

Please note that FBX files exported from Cinema4D are still supported.

Assets/__System-NX/_PlayerSys/_PlayerAssets/_Figure_Humanoid/Fig4_LongHand_Adj2.c4d: Unity no longer supports importing Cinema 4D files directly, but we're working with Maxon to make the experience better. To import Cinema 4D files, install Maxon's external importer. You can find more information on the Unity Forum: https://on.unity.com/c4d.

Please note that FBX files exported from Cinema4D are still supported.

Refreshing native plugins compatible for Editor in 99.94 ms, found 3 plugins.
Preloading 0 native plugins for Editor in 0.00 ms.
Invoked RoslynAnalysisRunner static constructor.
RoslynAnalysisRunner will not be running.
RoslynAnalysisRunner has terminated.
Mono: successfully reloaded assembly
- Completed reload, in  0.990 seconds
Platform modules already initialized, skipping
Registering precompiled user dll's ...
Registered in 0.018155 seconds.
Begin MonoManager ReloadAssembly
Native extension for WindowsStandalone target not found
Native extension for WebGL target not found
Assets/__System-NX/_PlayerSys/_PlayerAssets/_Figure_Humanoid/Fig4_LongHand_Adj.c4d: Unity no longer supports importing Cinema 4D files directly, but we're working with Maxon to make the experience better. To import Cinema 4D files, install Maxon's external importer. You can find more information on the Unity Forum: https://on.unity.com/c4d.

Please note that FBX files exported from Cinema4D are still supported.

Assets/__System-NX/_PlayerSys/_PlayerAssets/_Figure_Humanoid/Fig4_LongHand_Adj2.c4d: Unity no longer supports importing Cinema 4D files directly, but we're working with Maxon to make the experience better. To import Cinema 4D files, install Maxon's external importer. You can find more information on the Unity Forum: https://on.unity.com/c4d.

Please note that FBX files exported from Cinema4D are still supported.

Refreshing native plugins compatible for Editor in 104.99 ms, found 3 plugins.
Preloading 0 native plugins for Editor in 0.00 ms.
TFTools initialized at path : Assets/TF Tools/
UnityEngine.StackTraceUtility:ExtractStackTrace ()
UnityEngine.DebugLogHandler:LogFormat (UnityEngine.LogType,UnityEngine.Object,string,object[])
UnityEngine.Logger:Log (UnityEngine.LogType,object)
UnityEngine.Debug:Log (object)
TFToolsEditor.TFToolsLocation:.cctor ()
System.Runtime.CompilerServices.RuntimeHelpers:RunClassConstructor (System.RuntimeTypeHandle)
UnityEditor.EditorAssemblies:ProcessInitializeOnLoadAttributes (System.Type[])

CreateSerializedAsset is not supported while importing out-of-process
UnityEngine.StackTraceUtility:ExtractStackTrace ()
PlayFab.PfEditor.PlayFabEditorPrefsSO:get_Instance () (at Assets/__System-NX/Dependencies/_Network/PlayFabEditorExtensions/Editor/Scripts/Utils/PlayFabEditorPrefsSO.cs:38)
PlayFab.PfEditor.SubMenuComponent:RegisterMenuItem (string,System.Action) (at Assets/__System-NX/Dependencies/_Network/PlayFabEditorExtensions/Editor/Scripts/Components/SubMenuComponent.cs:42)
PlayFab.PfEditor.PlayFabEditorDataMenu:RegisterMenu () (at Assets/__System-NX/Dependencies/_Network/PlayFabEditorExtensions/Editor/Scripts/Panels/PlayFabEditorDataMenu.cs:93)
PlayFab.PfEditor.PlayFabEditorDataMenu:.cctor () (at Assets/__System-NX/Dependencies/_Network/PlayFabEditorExtensions/Editor/Scripts/Panels/PlayFabEditorDataMenu.cs:74)
System.Runtime.CompilerServices.RuntimeHelpers:RunClassConstructor (System.RuntimeTypeHandle)
UnityEditor.EditorAssemblies:ProcessInitializeOnLoadAttributes (System.Type[])

[Assets/__System-NX/Dependencies/_Network/PlayFabEditorExtensions/Editor/Scripts/Utils/PlayFabEditorPrefsSO.cs line 38]

UnityEngine.UnityException: Creating asset at path Assets/PlayFabEditorExtensions/Editor/Resources/PlayFabEditorPrefsSO.asset failed.
  at (wrapper managed-to-native) UnityEditor.AssetDatabase.CreateAsset(UnityEngine.Object,string)
  at PlayFab.PfEditor.PlayFabEditorPrefsSO.get_Instance () [0x00084] in C:\__UnityProj\SRVC-SolidMemory\Assets\__System-NX\Dependencies\_Network\PlayFabEditorExtensions\Editor\Scripts\Utils\PlayFabEditorPrefsSO.cs:38 
  at PlayFab.PfEditor.SubMenuComponent.RegisterMenuItem (System.String n, System.Action m) [0x00010] in C:\__UnityProj\SRVC-SolidMemory\Assets\__System-NX\Dependencies\_Network\PlayFabEditorExtensions\Editor\Scripts\Components\SubMenuComponent.cs:42 
  at PlayFab.PfEditor.PlayFabEditorDataMenu.RegisterMenu () [0x00018] in C:\__UnityProj\SRVC-SolidMemory\Assets\__System-NX\Dependencies\_Network\PlayFabEditorExtensions\Editor\Scripts\Panels\PlayFabEditorDataMenu.cs:93 
  at PlayFab.PfEditor.PlayFabEditorDataMenu..cctor () [0x0003a] in C:\__UnityProj\SRVC-SolidMemory\Assets\__System-NX\Dependencies\_Network\PlayFabEditorExtensions\Editor\Scripts\Panels\PlayFabEditorDataMenu.cs:74 
UnityEngine.StackTraceUtility:ExtractStackTrace ()
UnityEngine.DebugLogHandler:LogFormat (UnityEngine.LogType,UnityEngine.Object,string,object[])
UnityEngine.Logger:Log (UnityEngine.LogType,object)
UnityEngine.Debug:LogError (object)
UnityEditor.EditorAssemblies:ProcessInitializeOnLoadAttributes (System.Type[])

Invoked RoslynAnalysisRunner static constructor.
RoslynAnalysisRunner will not be running.
RoslynAnalysisRunner has terminated.
Find all reader and writers took 121 milliseconds
Script Module: UnityEngine.UI.dll
Weave behaviours and messages took37 milliseconds
Find all reader and writers took 93 milliseconds
Script Module: Unity.RenderPipelines.Core.Runtime.dll
Weave behaviours and messages took22 milliseconds
Find all reader and writers took 107 milliseconds
Script Module: UnityEngine.TestRunner.dll
Weave behaviours and messages took10 milliseconds
Find all reader and writers took 82 milliseconds
Script Module: BestHTTP.dll
Weave behaviours and messages took316 milliseconds
Find all reader and writers took 87 milliseconds
Script Module: Unity.InputSystem.dll
Weave behaviours and messages took103 milliseconds
Find all reader and writers took 81 milliseconds
Script Module: PlayFab.dll
Weave behaviours and messages took100 milliseconds
Find all reader and writers took 85 milliseconds
Script Module: Unity.RenderPipelines.HighDefinition.Runtime.dll
Weave behaviours and messages took80 milliseconds
Find all reader and writers took 86 milliseconds
Script Module: Unity.TextMeshPro.dll
Weave behaviours and messages took30 milliseconds
Find all reader and writers took 79 milliseconds
Script Module: Unity.ResourceManager.dll
Weave behaviours and messages took8 milliseconds
Find all reader and writers took 80 milliseconds
Script Module: Cinemachine.dll
Weave behaviours and messages took20 milliseconds
Find all reader and writers took 77 milliseconds
Script Module: Telepathy.dll
Weave behaviours and messages took1 milliseconds
Find all reader and writers took 80 milliseconds
Script Module: Unity.Timeline.dll
Weave behaviours and messages took11 milliseconds
Find all reader and writers took 81 milliseconds
Script Module: Unity.Mathematics.dll
Weave behaviours and messages took80 milliseconds
Find all reader and writers took 81 milliseconds
Script Module: Unity.VisualEffectGraph.Runtime.dll
Weave behaviours and messages took6 milliseconds
Find all reader and writers took 79 milliseconds
Script Module: Unity.Addressables.dll
Weave behaviours and messages took7 milliseconds
Find all reader and writers took 80 milliseconds
Script Module: Mirror.Examples.Cloud.GUI.dll
Weave behaviours and messages took1 milliseconds
Find all reader and writers took 80 milliseconds
Script Module: SimpleWebTransport.dll
Weave behaviours and messages took2 milliseconds
Find all reader and writers took 77 milliseconds
Script Module: TexturePacker.Runtime.dll
Weave behaviours and messages took0 milliseconds
Find all reader and writers took 80 milliseconds
Script Module: Mirror.Cloud.dll
Weave behaviours and messages took1 milliseconds
Find all reader and writers took 78 milliseconds
Script Module: kcp2k.dll
Weave behaviours and messages took1 milliseconds
Find all reader and writers took 98 milliseconds
Script Module: Sirenix.OdinInspector.CompatibilityLayer.dll
Weave behaviours and messages took0 milliseconds
Find all reader and writers took 79 milliseconds
Script Module: Unity.RenderPipelines.ShaderGraph.ShaderGraphLibrary.dll
Weave behaviours and messages took0 milliseconds
Find all reader and writers took 82 milliseconds
Script Module: Unity.ScriptableBuildPipeline.dll
Weave behaviours and messages took0 milliseconds
Find all reader and writers took 79 milliseconds
Script Module: Unity.RenderPipelines.Core.ShaderLibrary.dll
Weave behaviours and messages took0 milliseconds
Find all reader and writers took 80 milliseconds
Script Module: FurioosSDK.dll
Weave behaviours and messages took2 milliseconds
Find all reader and writers took 78 milliseconds
Script Module: Unity.RenderPipelines.HighDefinition.Config.Runtime.dll
Weave behaviours and messages took0 milliseconds
Find all reader and writers took 89 milliseconds
Script Module: com.unity.cinemachine.editor.dll
Weave behaviours and messages took13 milliseconds
Find all reader and writers took 104 milliseconds
Script Module: UnityEditor.TestRunner.dll
Weave behaviours and messages took15 milliseconds
Find all reader and writers took 88 milliseconds
Script Module: PlayFabEditorExtensions.dll
Weave behaviours and messages took7 milliseconds
Find all reader and writers took 103 milliseconds
Script Module: UnityEditor.CacheServer.dll
Weave behaviours and messages took1 milliseconds
Find all reader and writers took 88 milliseconds
Script Module: UnityEditor.UI.dll
Weave behaviours and messages took4 milliseconds
Find all reader and writers took 98 milliseconds
Script Module: Unity.ShaderGraph.Utilities.dll
Weave behaviours and messages took0 milliseconds
Find all reader and writers took 86 milliseconds
Script Module: Sirenix.OdinInspector.Modules.UnityMathematics.dll
Weave behaviours and messages took2 milliseconds
Find all reader and writers took 81 milliseconds
Script Module: Mirror.CompilerSymbols.dll
Weave behaviours and messages took0 milliseconds
Find all reader and writers took 82 milliseconds
Script Module: PlayFabSDKEditor.dll
Weave behaviours and messages took0 milliseconds
Mono: successfully reloaded assembly
- Completed reload, in 12.247 seconds
Platform modules already initialized, skipping
Assets/__System-NX/_PlayerSys/_PlayerAssets/_Figure_Humanoid/Fig4_LongHand_Adj.c4d: Unity no longer supports importing Cinema 4D files directly, but we're working with Maxon to make the experience better. To import Cinema 4D files, install Maxon's external importer. You can find more information on the Unity Forum: https://on.unity.com/c4d.

Please note that FBX files exported from Cinema4D are still supported.

Assets/__System-NX/_PlayerSys/_PlayerAssets/_Figure_Humanoid/Fig4_LongHand_Adj2.c4d: Unity no longer supports importing Cinema 4D files directly, but we're working with Maxon to make the experience better. To import Cinema 4D files, install Maxon's external importer. You can find more information on the Unity Forum: https://on.unity.com/c4d.

Please note that FBX files exported from Cinema4D are still supported.

========================================================================
Worker process is ready to serve import requests
Assets/__System-NX/_PlayerSys/_PlayerAssets/_Figure_Humanoid/Fig4_LongHand_Adj.c4d: Unity no longer supports importing Cinema 4D files directly, but we're working with Maxon to make the experience better. To import Cinema 4D files, install Maxon's external importer. You can find more information on the Unity Forum: https://on.unity.com/c4d.

Please note that FBX files exported from Cinema4D are still supported.

Assets/__System-NX/_PlayerSys/_PlayerAssets/_Figure_Humanoid/Fig4_LongHand_Adj2.c4d: Unity no longer supports importing Cinema 4D files directly, but we're working with Maxon to make the experience better. To import Cinema 4D files, install Maxon's external importer. You can find more information on the Unity Forum: https://on.unity.com/c4d.

Please note that FBX files exported from Cinema4D are still supported.

Launched and connected shader compiler UnityShaderCompiler.exe after 0.03 seconds
Refreshing native plugins compatible for Editor in 1.81 ms, found 3 plugins.
Preloading 0 native plugins for Editor in 0.00 ms.
Unloading 6950 Unused Serialized files (Serialized files now loaded: 0)
System memory in use before: 292.5 MB.
System memory in use after: 292.9 MB.

Unloading 106 unused Assets to reduce memory usage. Loaded Objects now: 7434.
Total: 24.791400 ms (FindLiveObjects: 0.710000 ms CreateObjectMapping: 0.207300 ms MarkObjects: 23.703800 ms  DeleteObjects: 0.168900 ms)

========================================================================
Received Import Request.
  path: Assets/__System-NX/SharedAssets/Font/NotoSansTC-Regular SDF font.asset
  artifactKey: Guid(a25b334bfdb464e4a9cc76b644837925) Importer(815301076,1909f56bfc062723c751e8b465ee728b)
Start importing Assets/__System-NX/SharedAssets/Font/NotoSansTC-Regular SDF font.asset using Guid(a25b334bfdb464e4a9cc76b644837925) Importer(815301076,1909f56bfc062723c751e8b465ee728b)  -> (artifact id: '13728c434bca77dde84f2fcd36691952') in 1.256813 seconds
  Import took 1.269617 seconds .

========================================================================
Received Import Request.
  Time since last request: 198.083662 seconds.
  path: Assets/__System-NX/SharedAssets/Font/lfs-NotoSansTC-Regular SDF.asset
  artifactKey: Guid(a25b334bfdb464e4a9cc76b644837925) Importer(815301076,1909f56bfc062723c751e8b465ee728b)
Start importing Assets/__System-NX/SharedAssets/Font/lfs-NotoSansTC-Regular SDF.asset using Guid(a25b334bfdb464e4a9cc76b644837925) Importer(815301076,1909f56bfc062723c751e8b465ee728b)  -> (artifact id: '5775e8637d4d20ace1aa853b43d64dbc') in 0.606234 seconds
  Import took 0.619675 seconds .

========================================================================
Received Import Request.
  Time since last request: 105.868932 seconds.
  path: Assets/__System-NX/SharedAssets/Font/NotoSansCJKjp-Regular.otf
  artifactKey: Guid(4c30a18761f11f8489f5e0401236463f) Importer(815301076,1909f56bfc062723c751e8b465ee728b)
Start importing Assets/__System-NX/SharedAssets/Font/NotoSansCJKjp-Regular.otf using Guid(4c30a18761f11f8489f5e0401236463f) Importer(815301076,1909f56bfc062723c751e8b465ee728b)  -> (artifact id: '5900f7433b461aabe2f2b7dca513d137') in 0.067394 seconds
  Import took 0.078450 seconds .

========================================================================
Received Import Request.
  Time since last request: 2.337330 seconds.
  path: Assets/_Font/NotoSansCJKtc-Thin.otf
  artifactKey: Guid(c3838fda7182f3649a81ff672a8f2e9b) Importer(815301076,1909f56bfc062723c751e8b465ee728b)
Start importing Assets/_Font/NotoSansCJKtc-Thin.otf using Guid(c3838fda7182f3649a81ff672a8f2e9b) Importer(815301076,1909f56bfc062723c751e8b465ee728b)  -> (artifact id: '87bfb9d7a5d2985e46a45166854bcb23') in 0.071176 seconds
  Import took 0.083085 seconds .

========================================================================
Received Import Request.
  Time since last request: 3.684120 seconds.
  path: Assets/__System-NX/SharedAssets/Font/NotoSansCJKjp-Regular SDF.asset
  artifactKey: Guid(55616b38ed1b20843ad63c3a8176128c) Importer(815301076,1909f56bfc062723c751e8b465ee728b)
Start importing Assets/__System-NX/SharedAssets/Font/NotoSansCJKjp-Regular SDF.asset using Guid(55616b38ed1b20843ad63c3a8176128c) Importer(815301076,1909f56bfc062723c751e8b465ee728b)  -> (artifact id: 'e647b9f28917340da54dba116097abbd') in 0.077738 seconds
  Import took 0.088847 seconds .

