Using pre-set license
Built from '2020.2/staging' branch; Version is '2020.2.3f1 (8ff31bc5bf5b) revision 9433883'; Using compiler version '192528614'; Build Type 'Release'
OS: 'Windows 10 Home; OS build 19042.1083; Version 2009; 64bit' Language: 'en' Physical Memory: 32176 MB
BatchMode: 1, IsHumanControllingUs: 0, StartBugReporterOnCrash: 0, Is64bit: 1, IsPro: 0

 COMMAND LINE ARGUMENTS:
C:\Program Files\Unity\Hub\Editor\2020.2.3f1\Editor\Unity.exe
-adb2
-batchMode
-noUpm
-name
AssetImportWorker0
-projectPath
C:/__UnityProj/SRVC-SolidMemory
-logFile
Logs/AssetImportWorker0.log
-srvPort
62807
Successfully changed project path to: C:/__UnityProj/SRVC-SolidMemory
C:/__UnityProj/SRVC-SolidMemory
Using Asset Import Pipeline V2.
Assets/__System-NX/_PlayerSys/_PlayerAssets/_Figure_Humanoid/Fig4_LongHand_Adj.c4d: Unity no longer supports importing Cinema 4D files directly, but we're working with Maxon to make the experience better. To import Cinema 4D files, install Maxon's external importer. You can find more information on the Unity Forum: https://on.unity.com/c4d.

Please note that FBX files exported from Cinema4D are still supported.

Assets/__System-NX/_PlayerSys/_PlayerAssets/_Figure_Humanoid/Fig4_LongHand_Adj2.c4d: Unity no longer supports importing Cinema 4D files directly, but we're working with Maxon to make the experience better. To import Cinema 4D files, install Maxon's external importer. You can find more information on the Unity Forum: https://on.unity.com/c4d.

Please note that FBX files exported from Cinema4D are still supported.

Refreshing native plugins compatible for Editor in 130.96 ms, found 3 plugins.
Preloading 0 native plugins for Editor in 0.00 ms.
Initialize engine version: 2020.2.3f1 (8ff31bc5bf5b)
[Subsystems] Discovering subsystems at path C:/Program Files/Unity/Hub/Editor/2020.2.3f1/Editor/Data/Resources/UnitySubsystems
[Subsystems] Discovering subsystems at path C:/__UnityProj/SRVC-SolidMemory/Assets
GfxDevice: creating device client; threaded=0
Direct3D:
    Version:  Direct3D 11.0 [level 11.1]
    Renderer: NVIDIA GeForce RTX 3080 Laptop GPU (ID=0x249c)
    Vendor:   
    VRAM:     16201 MB
    Driver:   27.21.14.6235
Initialize mono
Mono path[0] = 'C:/Program Files/Unity/Hub/Editor/2020.2.3f1/Editor/Data/Managed'
Mono path[1] = 'C:/Program Files/Unity/Hub/Editor/2020.2.3f1/Editor/Data/MonoBleedingEdge/lib/mono/unityjit'
Mono config path = 'C:/Program Files/Unity/Hub/Editor/2020.2.3f1/Editor/Data/MonoBleedingEdge/etc'
Using monoOptions --debugger-agent=transport=dt_socket,embedding=1,server=y,suspend=n,address=127.0.0.1:56068
Begin MonoManager ReloadAssembly
Registering precompiled unity dll's ...
Register platform support module: C:/Program Files/Unity/Hub/Editor/2020.2.3f1/Editor/Data/PlaybackEngines/WebGLSupport/UnityEditor.WebGL.Extensions.dll
Register platform support module: C:/Program Files/Unity/Hub/Editor/2020.2.3f1/Editor/Data/PlaybackEngines/WindowsStandaloneSupport/UnityEditor.WindowsStandalone.Extensions.dll
Registered in 0.002769 seconds.
Native extension for WindowsStandalone target not found
Native extension for WebGL target not found
Assets/__System-NX/_PlayerSys/_PlayerAssets/_Figure_Humanoid/Fig4_LongHand_Adj.c4d: Unity no longer supports importing Cinema 4D files directly, but we're working with Maxon to make the experience better. To import Cinema 4D files, install Maxon's external importer. You can find more information on the Unity Forum: https://on.unity.com/c4d.

Please note that FBX files exported from Cinema4D are still supported.

Assets/__System-NX/_PlayerSys/_PlayerAssets/_Figure_Humanoid/Fig4_LongHand_Adj2.c4d: Unity no longer supports importing Cinema 4D files directly, but we're working with Maxon to make the experience better. To import Cinema 4D files, install Maxon's external importer. You can find more information on the Unity Forum: https://on.unity.com/c4d.

Please note that FBX files exported from Cinema4D are still supported.

Refreshing native plugins compatible for Editor in 98.45 ms, found 3 plugins.
Preloading 0 native plugins for Editor in 0.00 ms.
Invoked RoslynAnalysisRunner static constructor.
RoslynAnalysisRunner will not be running.
RoslynAnalysisRunner has terminated.
Mono: successfully reloaded assembly
- Completed reload, in  2.407 seconds
Platform modules already initialized, skipping
Registering precompiled user dll's ...
Registered in 0.027621 seconds.
Begin MonoManager ReloadAssembly
Native extension for WindowsStandalone target not found
Native extension for WebGL target not found
Assets/__System-NX/_PlayerSys/_PlayerAssets/_Figure_Humanoid/Fig4_LongHand_Adj.c4d: Unity no longer supports importing Cinema 4D files directly, but we're working with Maxon to make the experience better. To import Cinema 4D files, install Maxon's external importer. You can find more information on the Unity Forum: https://on.unity.com/c4d.

Please note that FBX files exported from Cinema4D are still supported.

Assets/__System-NX/_PlayerSys/_PlayerAssets/_Figure_Humanoid/Fig4_LongHand_Adj2.c4d: Unity no longer supports importing Cinema 4D files directly, but we're working with Maxon to make the experience better. To import Cinema 4D files, install Maxon's external importer. You can find more information on the Unity Forum: https://on.unity.com/c4d.

Please note that FBX files exported from Cinema4D are still supported.

Refreshing native plugins compatible for Editor in 104.61 ms, found 3 plugins.
Preloading 0 native plugins for Editor in 0.00 ms.
TFTools initialized at path : Assets/TF Tools/
UnityEngine.StackTraceUtility:ExtractStackTrace ()
UnityEngine.DebugLogHandler:LogFormat (UnityEngine.LogType,UnityEngine.Object,string,object[])
UnityEngine.Logger:Log (UnityEngine.LogType,object)
UnityEngine.Debug:Log (object)
TFToolsEditor.TFToolsLocation:.cctor ()
System.Runtime.CompilerServices.RuntimeHelpers:RunClassConstructor (System.RuntimeTypeHandle)
UnityEditor.EditorAssemblies:ProcessInitializeOnLoadAttributes (System.Type[])

CreateSerializedAsset is not supported while importing out-of-process
UnityEngine.StackTraceUtility:ExtractStackTrace ()
PlayFab.PfEditor.PlayFabEditorPrefsSO:get_Instance () (at Assets/__System-NX/Dependencies/_Network/PlayFabEditorExtensions/Editor/Scripts/Utils/PlayFabEditorPrefsSO.cs:38)
PlayFab.PfEditor.SubMenuComponent:RegisterMenuItem (string,System.Action) (at Assets/__System-NX/Dependencies/_Network/PlayFabEditorExtensions/Editor/Scripts/Components/SubMenuComponent.cs:42)
PlayFab.PfEditor.PlayFabEditorDataMenu:RegisterMenu () (at Assets/__System-NX/Dependencies/_Network/PlayFabEditorExtensions/Editor/Scripts/Panels/PlayFabEditorDataMenu.cs:93)
PlayFab.PfEditor.PlayFabEditorDataMenu:.cctor () (at Assets/__System-NX/Dependencies/_Network/PlayFabEditorExtensions/Editor/Scripts/Panels/PlayFabEditorDataMenu.cs:74)
System.Runtime.CompilerServices.RuntimeHelpers:RunClassConstructor (System.RuntimeTypeHandle)
UnityEditor.EditorAssemblies:ProcessInitializeOnLoadAttributes (System.Type[])

[Assets/__System-NX/Dependencies/_Network/PlayFabEditorExtensions/Editor/Scripts/Utils/PlayFabEditorPrefsSO.cs line 38]

UnityEngine.UnityException: Creating asset at path Assets/PlayFabEditorExtensions/Editor/Resources/PlayFabEditorPrefsSO.asset failed.
  at (wrapper managed-to-native) UnityEditor.AssetDatabase.CreateAsset(UnityEngine.Object,string)
  at PlayFab.PfEditor.PlayFabEditorPrefsSO.get_Instance () [0x00084] in C:\__UnityProj\SRVC-SolidMemory\Assets\__System-NX\Dependencies\_Network\PlayFabEditorExtensions\Editor\Scripts\Utils\PlayFabEditorPrefsSO.cs:38 
  at PlayFab.PfEditor.SubMenuComponent.RegisterMenuItem (System.String n, System.Action m) [0x00010] in C:\__UnityProj\SRVC-SolidMemory\Assets\__System-NX\Dependencies\_Network\PlayFabEditorExtensions\Editor\Scripts\Components\SubMenuComponent.cs:42 
  at PlayFab.PfEditor.PlayFabEditorDataMenu.RegisterMenu () [0x00018] in C:\__UnityProj\SRVC-SolidMemory\Assets\__System-NX\Dependencies\_Network\PlayFabEditorExtensions\Editor\Scripts\Panels\PlayFabEditorDataMenu.cs:93 
  at PlayFab.PfEditor.PlayFabEditorDataMenu..cctor () [0x0003a] in C:\__UnityProj\SRVC-SolidMemory\Assets\__System-NX\Dependencies\_Network\PlayFabEditorExtensions\Editor\Scripts\Panels\PlayFabEditorDataMenu.cs:74 
UnityEngine.StackTraceUtility:ExtractStackTrace ()
UnityEngine.DebugLogHandler:LogFormat (UnityEngine.LogType,UnityEngine.Object,string,object[])
UnityEngine.Logger:Log (UnityEngine.LogType,object)
UnityEngine.Debug:LogError (object)
UnityEditor.EditorAssemblies:ProcessInitializeOnLoadAttributes (System.Type[])

Invoked RoslynAnalysisRunner static constructor.
RoslynAnalysisRunner will not be running.
RoslynAnalysisRunner has terminated.
Find all reader and writers took 101 milliseconds
Script Module: UnityEngine.UI.dll
Weave behaviours and messages took52 milliseconds
Find all reader and writers took 111 milliseconds
Script Module: Unity.RenderPipelines.Core.Runtime.dll
Weave behaviours and messages took25 milliseconds
Find all reader and writers took 110 milliseconds
Script Module: UnityEngine.TestRunner.dll
Weave behaviours and messages took10 milliseconds
Find all reader and writers took 98 milliseconds
Script Module: BestHTTP.dll
Weave behaviours and messages took366 milliseconds
Find all reader and writers took 109 milliseconds
Script Module: Unity.InputSystem.dll
Weave behaviours and messages took82 milliseconds
Find all reader and writers took 83 milliseconds
Script Module: PlayFab.dll
Weave behaviours and messages took104 milliseconds
Find all reader and writers took 88 milliseconds
Script Module: Unity.RenderPipelines.HighDefinition.Runtime.dll
Weave behaviours and messages took84 milliseconds
Find all reader and writers took 87 milliseconds
Script Module: Unity.TextMeshPro.dll
Weave behaviours and messages took32 milliseconds
Find all reader and writers took 80 milliseconds
Script Module: Unity.ResourceManager.dll
Weave behaviours and messages took9 milliseconds
Find all reader and writers took 81 milliseconds
Script Module: Cinemachine.dll
Weave behaviours and messages took22 milliseconds
Find all reader and writers took 79 milliseconds
Script Module: Telepathy.dll
Weave behaviours and messages took1 milliseconds
Find all reader and writers took 81 milliseconds
Script Module: Unity.Timeline.dll
Weave behaviours and messages took12 milliseconds
Find all reader and writers took 98 milliseconds
Script Module: Unity.Mathematics.dll
Weave behaviours and messages took83 milliseconds
Find all reader and writers took 84 milliseconds
Script Module: Unity.VisualEffectGraph.Runtime.dll
Weave behaviours and messages took7 milliseconds
Find all reader and writers took 96 milliseconds
Script Module: Unity.Addressables.dll
Weave behaviours and messages took7 milliseconds
Find all reader and writers took 81 milliseconds
Script Module: Mirror.Examples.Cloud.GUI.dll
Weave behaviours and messages took2 milliseconds
Find all reader and writers took 82 milliseconds
Script Module: SimpleWebTransport.dll
Weave behaviours and messages took3 milliseconds
Find all reader and writers took 79 milliseconds
Script Module: TexturePacker.Runtime.dll
Weave behaviours and messages took0 milliseconds
Find all reader and writers took 83 milliseconds
Script Module: Mirror.Cloud.dll
Weave behaviours and messages took1 milliseconds
Find all reader and writers took 80 milliseconds
Script Module: kcp2k.dll
Weave behaviours and messages took2 milliseconds
Find all reader and writers took 83 milliseconds
Script Module: Sirenix.OdinInspector.CompatibilityLayer.dll
Weave behaviours and messages took0 milliseconds
Find all reader and writers took 78 milliseconds
Script Module: Unity.RenderPipelines.ShaderGraph.ShaderGraphLibrary.dll
Weave behaviours and messages took0 milliseconds
Find all reader and writers took 82 milliseconds
Script Module: Unity.ScriptableBuildPipeline.dll
Weave behaviours and messages took0 milliseconds
Find all reader and writers took 79 milliseconds
Script Module: Unity.RenderPipelines.Core.ShaderLibrary.dll
Weave behaviours and messages took0 milliseconds
Find all reader and writers took 81 milliseconds
Script Module: FurioosSDK.dll
Weave behaviours and messages took2 milliseconds
Find all reader and writers took 79 milliseconds
Script Module: Unity.RenderPipelines.HighDefinition.Config.Runtime.dll
Weave behaviours and messages took0 milliseconds
Find all reader and writers took 109 milliseconds
Script Module: com.unity.cinemachine.editor.dll
Weave behaviours and messages took14 milliseconds
Find all reader and writers took 92 milliseconds
Script Module: UnityEditor.TestRunner.dll
Weave behaviours and messages took16 milliseconds
Find all reader and writers took 112 milliseconds
Script Module: PlayFabEditorExtensions.dll
Weave behaviours and messages took7 milliseconds
Find all reader and writers took 92 milliseconds
Script Module: UnityEditor.CacheServer.dll
Weave behaviours and messages took1 milliseconds
Find all reader and writers took 109 milliseconds
Script Module: UnityEditor.UI.dll
Weave behaviours and messages took5 milliseconds
Find all reader and writers took 83 milliseconds
Script Module: Unity.ShaderGraph.Utilities.dll
Weave behaviours and messages took0 milliseconds
Find all reader and writers took 87 milliseconds
Script Module: Sirenix.OdinInspector.Modules.UnityMathematics.dll
Weave behaviours and messages took2 milliseconds
Find all reader and writers took 83 milliseconds
Script Module: Mirror.CompilerSymbols.dll
Weave behaviours and messages took0 milliseconds
Find all reader and writers took 83 milliseconds
Script Module: PlayFabSDKEditor.dll
Weave behaviours and messages took0 milliseconds
Mono: successfully reloaded assembly
- Completed reload, in 12.613 seconds
Platform modules already initialized, skipping
Assets/__System-NX/_PlayerSys/_PlayerAssets/_Figure_Humanoid/Fig4_LongHand_Adj.c4d: Unity no longer supports importing Cinema 4D files directly, but we're working with Maxon to make the experience better. To import Cinema 4D files, install Maxon's external importer. You can find more information on the Unity Forum: https://on.unity.com/c4d.

Please note that FBX files exported from Cinema4D are still supported.

Assets/__System-NX/_PlayerSys/_PlayerAssets/_Figure_Humanoid/Fig4_LongHand_Adj2.c4d: Unity no longer supports importing Cinema 4D files directly, but we're working with Maxon to make the experience better. To import Cinema 4D files, install Maxon's external importer. You can find more information on the Unity Forum: https://on.unity.com/c4d.

Please note that FBX files exported from Cinema4D are still supported.

========================================================================
Worker process is ready to serve import requests
Assets/__System-NX/_PlayerSys/_PlayerAssets/_Figure_Humanoid/Fig4_LongHand_Adj.c4d: Unity no longer supports importing Cinema 4D files directly, but we're working with Maxon to make the experience better. To import Cinema 4D files, install Maxon's external importer. You can find more information on the Unity Forum: https://on.unity.com/c4d.

Please note that FBX files exported from Cinema4D are still supported.

Assets/__System-NX/_PlayerSys/_PlayerAssets/_Figure_Humanoid/Fig4_LongHand_Adj2.c4d: Unity no longer supports importing Cinema 4D files directly, but we're working with Maxon to make the experience better. To import Cinema 4D files, install Maxon's external importer. You can find more information on the Unity Forum: https://on.unity.com/c4d.

Please note that FBX files exported from Cinema4D are still supported.

Launched and connected shader compiler UnityShaderCompiler.exe after 0.06 seconds
Refreshing native plugins compatible for Editor in 1.77 ms, found 3 plugins.
Preloading 0 native plugins for Editor in 0.00 ms.
Unloading 6950 Unused Serialized files (Serialized files now loaded: 0)
System memory in use before: 292.4 MB.
System memory in use after: 292.8 MB.

Unloading 106 unused Assets to reduce memory usage. Loaded Objects now: 7434.
Total: 25.229800 ms (FindLiveObjects: 0.914800 ms CreateObjectMapping: 0.568400 ms MarkObjects: 23.570200 ms  DeleteObjects: 0.174100 ms)

========================================================================
Received Import Request.
  path: Assets/__Projects/Proj-NTMOFA/__Scene/NTMOFA-02.unity
  artifactKey: Guid(a2a0d7ac844b9684788f39d749069930) Importer(815301076,1909f56bfc062723c751e8b465ee728b)
Start importing Assets/__Projects/Proj-NTMOFA/__Scene/NTMOFA-02.unity using Guid(a2a0d7ac844b9684788f39d749069930) Importer(815301076,1909f56bfc062723c751e8b465ee728b)  -> (artifact id: '774766e576801c3c05de9d2ebc1e33f5') in 0.016396 seconds
  Import took 0.026937 seconds .

